# JRE version: OpenJDK Runtime Environment Temurin-21.0.3+9 (21.0.3+9) (build 21.0.3+9-LTS)
# Java VM: OpenJDK 64-Bit Server VM Temurin-21.0.3+9 (21.0.3+9-LTS, mixed mode, tiered, compressed oops, compressed class ptrs, g1 gc, windows-amd64)
GC Precious Log:
 CardTable entry size: 512
 Card Set container configuration: InlinePtr #cards 4 size 8 Array Of Cards #cards 16 size 48 Howl #buckets 8 coarsen threshold 3686 Howl Bitmap #cards 512 size 80 coarsen threshold 460 Card regions per heap region 1 cards per card region 4096
 CPUs: 24 total, 24 available
 Memory: 15978M
 Large Page Support: Disabled
 NUMA Support: Disabled
 Compressed Oops: Enabled (Zero based)
 Heap Region Size: 2M
 Heap Min Capacity: 8M
 Heap Initial Capacity: 250M
 Heap Max Capacity: 3996M
 Pre-touch: Disabled
 Parallel Workers: 18
 Concurrent Workers: 5
 Concurrent Refinement Workers: 18
 Periodic GC: Disabled
Heap:
 garbage-first heap   total 516096K, used 201496K [0x0000000706400000, 0x0000000800000000)
  region size 2048K, 12 young (24576K), 10 survivors (20480K)
 Metaspace       used 106515K, committed 108096K, reserved 1179648K
  class space    used 11773K, committed 12416K, reserved 1048576K
GC Heap History (20 events):
Event: 12.554 GC heap before
{Heap before GC invocations=47 (full 0):
 garbage-first heap   total 372736K, used 335162K [0x0000000706400000, 0x0000000800000000)
  region size 2048K, 108 young (221184K), 8 survivors (16384K)
 Metaspace       used 93012K, committed 94080K, reserved 1179648K
  class space    used 10315K, committed 10816K, reserved 1048576K
}
Event: 12.558 GC heap after
{Heap after GC invocations=48 (full 0):
 garbage-first heap   total 516096K, used 131276K [0x0000000706400000, 0x0000000800000000)
  region size 2048K, 8 young (16384K), 8 survivors (16384K)
 Metaspace       used 93012K, committed 94080K, reserved 1179648K
  class space    used 10315K, committed 10816K, reserved 1048576K
}
Event: 12.695 GC heap before
{Heap before GC invocations=48 (full 0):
 garbage-first heap   total 516096K, used 424140K [0x0000000706400000, 0x0000000800000000)
  region size 2048K, 151 young (309248K), 8 survivors (16384K)
 Metaspace       used 93021K, committed 94144K, reserved 1179648K
  class space    used 10315K, committed 10816K, reserved 1048576K
}
Event: 12.698 GC heap after
{Heap after GC invocations=49 (full 0):
 garbage-first heap   total 516096K, used 132029K [0x0000000706400000, 0x0000000800000000)
  region size 2048K, 8 young (16384K), 8 survivors (16384K)
 Metaspace       used 93021K, committed 94144K, reserved 1179648K
  class space    used 10315K, committed 10816K, reserved 1048576K
}
Event: 12.929 GC heap before
{Heap before GC invocations=49 (full 0):
 garbage-first heap   total 516096K, used 424893K [0x0000000706400000, 0x0000000800000000)
  region size 2048K, 151 young (309248K), 8 survivors (16384K)
 Metaspace       used 93646K, committed 94720K, reserved 1179648K
  class space    used 10353K, committed 10816K, reserved 1048576K
}
Event: 12.933 GC heap after
{Heap after GC invocations=50 (full 0):
 garbage-first heap   total 516096K, used 135861K [0x0000000706400000, 0x0000000800000000)
  region size 2048K, 10 young (20480K), 10 survivors (20480K)
 Metaspace       used 93646K, committed 94720K, reserved 1179648K
  class space    used 10353K, committed 10816K, reserved 1048576K
}
Event: 13.211 GC heap before
{Heap before GC invocations=50 (full 0):
 garbage-first heap   total 516096K, used 424629K [0x0000000706400000, 0x0000000800000000)
  region size 2048K, 151 young (309248K), 10 survivors (20480K)
 Metaspace       used 94256K, committed 95296K, reserved 1179648K
  class space    used 10406K, committed 10880K, reserved 1048576K
}
Event: 13.217 GC heap after
{Heap after GC invocations=51 (full 0):
 garbage-first heap   total 516096K, used 140221K [0x0000000706400000, 0x0000000800000000)
  region size 2048K, 12 young (24576K), 12 survivors (24576K)
 Metaspace       used 94256K, committed 95296K, reserved 1179648K
  class space    used 10406K, committed 10880K, reserved 1048576K
}
Event: 13.709 GC heap before
{Heap before GC invocations=51 (full 0):
 garbage-first heap   total 516096K, used 424893K [0x0000000706400000, 0x0000000800000000)
  region size 2048K, 151 young (309248K), 12 survivors (24576K)
 Metaspace       used 94454K, committed 95552K, reserved 1179648K
  class space    used 10415K, committed 10880K, reserved 1048576K
}
Event: 13.715 GC heap after
{Heap after GC invocations=52 (full 0):
 garbage-first heap   total 516096K, used 150459K [0x0000000706400000, 0x0000000800000000)
  region size 2048K, 16 young (32768K), 16 survivors (32768K)
 Metaspace       used 94454K, committed 95552K, reserved 1179648K
  class space    used 10415K, committed 10880K, reserved 1048576K
}
Event: 14.582 GC heap before
{Heap before GC invocations=52 (full 0):
 garbage-first heap   total 516096K, used 426939K [0x0000000706400000, 0x0000000800000000)
  region size 2048K, 151 young (309248K), 16 survivors (32768K)
 Metaspace       used 95637K, committed 96704K, reserved 1179648K
  class space    used 10534K, committed 11008K, reserved 1048576K
}
Event: 14.589 GC heap after
{Heap after GC invocations=53 (full 0):
 garbage-first heap   total 516096K, used 152278K [0x0000000706400000, 0x0000000800000000)
  region size 2048K, 11 young (22528K), 11 survivors (22528K)
 Metaspace       used 95637K, committed 96704K, reserved 1179648K
  class space    used 10534K, committed 11008K, reserved 1048576K
}
Event: 16.296 GC heap before
{Heap before GC invocations=53 (full 0):
 garbage-first heap   total 516096K, used 438998K [0x0000000706400000, 0x0000000800000000)
  region size 2048K, 151 young (309248K), 11 survivors (22528K)
 Metaspace       used 95746K, committed 96832K, reserved 1179648K
  class space    used 10536K, committed 11008K, reserved 1048576K
}
Event: 16.304 GC heap after
{Heap after GC invocations=54 (full 0):
 garbage-first heap   total 516096K, used 169101K [0x0000000706400000, 0x0000000800000000)
  region size 2048K, 17 young (34816K), 17 survivors (34816K)
 Metaspace       used 95746K, committed 96832K, reserved 1179648K
  class space    used 10536K, committed 11008K, reserved 1048576K
}
Event: 17.129 GC heap before
{Heap before GC invocations=54 (full 0):
 garbage-first heap   total 516096K, used 447629K [0x0000000706400000, 0x0000000800000000)
  region size 2048K, 151 young (309248K), 17 survivors (34816K)
 Metaspace       used 98313K, committed 99520K, reserved 1179648K
  class space    used 10850K, committed 11392K, reserved 1048576K
}
Event: 17.137 GC heap after
{Heap after GC invocations=55 (full 0):
 garbage-first heap   total 516096K, used 180183K [0x0000000706400000, 0x0000000800000000)
  region size 2048K, 13 young (26624K), 13 survivors (26624K)
 Metaspace       used 98313K, committed 99520K, reserved 1179648K
  class space    used 10850K, committed 11392K, reserved 1048576K
}
Event: 19.681 GC heap before
{Heap before GC invocations=55 (full 0):
 garbage-first heap   total 516096K, used 456663K [0x0000000706400000, 0x0000000800000000)
  region size 2048K, 149 young (305152K), 13 survivors (26624K)
 Metaspace       used 106232K, committed 107520K, reserved 1179648K
  class space    used 11822K, committed 12416K, reserved 1048576K
}
Event: 19.687 GC heap after
{Heap after GC invocations=56 (full 0):
 garbage-first heap   total 516096K, used 191013K [0x0000000706400000, 0x0000000800000000)
  region size 2048K, 9 young (18432K), 9 survivors (18432K)
 Metaspace       used 106232K, committed 107520K, reserved 1179648K
  class space    used 11822K, committed 12416K, reserved 1048576K
}
Event: 40337.810 GC heap before
{Heap before GC invocations=56 (full 0):
 garbage-first heap   total 516096K, used 313893K [0x0000000706400000, 0x0000000800000000)
  region size 2048K, 70 young (143360K), 9 survivors (18432K)
 Metaspace       used 106885K, committed 108096K, reserved 1179648K
  class space    used 11875K, committed 12416K, reserved 1048576K
}
Event: 40338.495 GC heap after
{Heap after GC invocations=57 (full 0):
 garbage-first heap   total 516096K, used 191256K [0x0000000706400000, 0x0000000800000000)
  region size 2048K, 10 young (20480K), 10 survivors (20480K)
 Metaspace       used 106885K, committed 108096K, reserved 1179648K
  class space    used 11875K, committed 12416K, reserved 1048576K
}

